android/app/build/intermediates/manifest_merge_blame_file/release/manifest-merger-blame-release-report.txt
1<?xml version="1.0" encoding="utf-8"?>
2<manifest xmlns:android="http://schemas.android.com/apk/res/android"
3    package="com.rapid_laundary_service"
4    android:versionCode="1"
5    android:versionName="1.0" >
6
7    <uses-sdk
8        android:minSdkVersion="21"
8-->src\main\AndroidManifest.xml
9        android:targetSdkVersion="30" />
9-->src\main\AndroidManifest.xml
10
11    <uses-permission android:name="android.permission.INTERNET" />
11-->src\main\AndroidManifest.xml:4:5-67
11-->src\main\AndroidManifest.xml:4:22-64
12    <uses-permission android:name="android.permission.ACCESS_FINE_LOCATION" />
12-->src\main\AndroidManifest.xml:5:5-79
12-->src\main\AndroidManifest.xml:5:22-76
13    <uses-permission android:name="android.permission.CAMERA" />
13-->src\main\AndroidManifest.xml:6:5-64
13-->src\main\AndroidManifest.xml:6:22-62
14    <uses-permission android:name="android.permission.ACCESS_COARSE_LOCATION" />
14-->src\main\AndroidManifest.xml:7:5-80
14-->src\main\AndroidManifest.xml:7:22-78
15    <uses-permission android:name="android.permission.WAKE_LOCK" />
15-->[:react-native-background-timer] AndroidManifest.xml:9:5-68
15-->[:react-native-background-timer] AndroidManifest.xml:9:22-65
16
17    <queries>
17-->[:react-native-image-crop-picker] AndroidManifest.xml:9:5-13:15
18        <intent>
18-->[:react-native-image-crop-picker] AndroidManifest.xml:10:9-12:18
19            <action android:name="android.media.action.IMAGE_CAPTURE" />
19-->[:react-native-image-crop-picker] AndroidManifest.xml:11:13-73
19-->[:react-native-image-crop-picker] AndroidManifest.xml:11:21-70
20        </intent>
21    </queries>
22
23    <uses-permission android:name="android.permission.WRITE_EXTERNAL_STORAGE" /> <!-- Include required permissions for Google Maps API to run. -->
23-->[:react-native-image-crop-picker] AndroidManifest.xml:15:5-81
23-->[:react-native-image-crop-picker] AndroidManifest.xml:15:22-78
24    <uses-permission android:name="android.permission.ACCESS_NETWORK_STATE" />
24-->[com.google.android.gms:play-services-maps:17.0.0] AndroidManifest.xml:23:5-79
24-->[com.google.android.gms:play-services-maps:17.0.0] AndroidManifest.xml:23:22-76
25
26    <uses-feature
26-->[com.google.android.gms:play-services-maps:17.0.0] AndroidManifest.xml:26:5-28:35
27        android:glEsVersion="0x00020000"
27-->[com.google.android.gms:play-services-maps:17.0.0] AndroidManifest.xml:27:9-41
28        android:required="true" />
28-->[com.google.android.gms:play-services-maps:17.0.0] AndroidManifest.xml:28:9-32
29
30    <uses-permission android:name="android.permission.RECEIVE_BOOT_COMPLETED" />
30-->[androidx.work:work-runtime:2.5.0] AndroidManifest.xml:27:5-81
30-->[androidx.work:work-runtime:2.5.0] AndroidManifest.xml:27:22-78
31    <uses-permission android:name="android.permission.FOREGROUND_SERVICE" />
31-->[androidx.work:work-runtime:2.5.0] AndroidManifest.xml:28:5-77
31-->[androidx.work:work-runtime:2.5.0] AndroidManifest.xml:28:22-74
32
33    <application
33-->src\main\AndroidManifest.xml:9:5-36:19
34        android:name="com.rapid_laundary_service.MainApplication"
34-->src\main\AndroidManifest.xml:10:7-38
35        android:allowBackup="false"
35-->src\main\AndroidManifest.xml:14:7-34
36        android:appComponentFactory="androidx.core.app.CoreComponentFactory"
36-->[androidx.core:core:1.2.0] AndroidManifest.xml:24:18-86
37        android:icon="@mipmap/ic_launcher"
37-->src\main\AndroidManifest.xml:12:7-41
38        android:label="@string/app_name"
38-->src\main\AndroidManifest.xml:11:7-39
39        android:roundIcon="@mipmap/ic_launcher_round"
39-->src\main\AndroidManifest.xml:13:7-52
40        android:theme="@style/AppTheme" >
40-->src\main\AndroidManifest.xml:15:7-38
41        <activity
41-->src\main\AndroidManifest.xml:16:9-20:20
42            android:name="com.rapid_laundary_service.SplashActivity"
42-->src\main\AndroidManifest.xml:17:11-41
43            android:label="@string/app_name"
43-->src\main\AndroidManifest.xml:19:11-43
44            android:theme="@style/SplashTheme" >
44-->src\main\AndroidManifest.xml:18:11-45
45        </activity>
46        <activity
46-->src\main\AndroidManifest.xml:21:7-32:18
47            android:name="com.rapid_laundary_service.MainActivity"
47-->src\main\AndroidManifest.xml:22:9-37
48            android:configChanges="keyboard|keyboardHidden|orientation|screenSize|uiMode"
48-->src\main\AndroidManifest.xml:24:9-86
49            android:exported="true"
49-->src\main\AndroidManifest.xml:27:9-32
50            android:label="@string/app_name"
50-->src\main\AndroidManifest.xml:23:9-41
51            android:launchMode="singleTask"
51-->src\main\AndroidManifest.xml:25:9-40
52            android:windowSoftInputMode="adjustResize" >
52-->src\main\AndroidManifest.xml:26:9-51
53            <intent-filter>
53-->src\main\AndroidManifest.xml:28:9-31:25
54                <action android:name="android.intent.action.MAIN" />
54-->src\main\AndroidManifest.xml:29:13-65
54-->src\main\AndroidManifest.xml:29:21-62
55
56                <category android:name="android.intent.category.LAUNCHER" />
56-->src\main\AndroidManifest.xml:30:13-73
56-->src\main\AndroidManifest.xml:30:23-70
57            </intent-filter>
58        </activity>
59
60        <meta-data
60-->src\main\AndroidManifest.xml:33:7-35:64
61            android:name="com.google.android.geo.API_KEY"
61-->src\main\AndroidManifest.xml:34:7-52
62            android:value="AIzaSyBaw7psjNT6a7Zo91LpAgoiTZqYddZUnb4" />
62-->src\main\AndroidManifest.xml:35:7-62
63
64        <provider
64-->[:react-native-image-crop-picker] AndroidManifest.xml:18:9-26:20
65            android:name="androidx.core.content.FileProvider"
65-->[:react-native-image-crop-picker] AndroidManifest.xml:19:13-62
66            android:authorities="com.rapid_laundary_service.provider"
66-->[:react-native-image-crop-picker] AndroidManifest.xml:20:13-60
67            android:exported="false"
67-->[:react-native-image-crop-picker] AndroidManifest.xml:21:13-37
68            android:grantUriPermissions="true" >
68-->[:react-native-image-crop-picker] AndroidManifest.xml:22:13-47
69            <meta-data
69-->[:react-native-image-crop-picker] AndroidManifest.xml:23:13-25:58
70                android:name="android.support.FILE_PROVIDER_PATHS"
70-->[:react-native-image-crop-picker] AndroidManifest.xml:24:17-67
71                android:resource="@xml/provider_paths" />
71-->[:react-native-image-crop-picker] AndroidManifest.xml:25:17-55
72        </provider>
73
74        <activity
74-->[:react-native-image-crop-picker] AndroidManifest.xml:28:9-30:72
75            android:name="com.yalantis.ucrop.UCropActivity"
75-->[:react-native-image-crop-picker] AndroidManifest.xml:29:13-60
76            android:theme="@style/Theme.AppCompat.Light.NoActionBar" /> <!-- Needs to be explicitly declared on P+ -->
76-->[:react-native-image-crop-picker] AndroidManifest.xml:30:13-69
77        <uses-library
77-->[com.google.android.gms:play-services-maps:17.0.0] AndroidManifest.xml:33:9-35:40
78            android:name="org.apache.http.legacy"
78-->[com.google.android.gms:play-services-maps:17.0.0] AndroidManifest.xml:34:13-50
79            android:required="false" />
79-->[com.google.android.gms:play-services-maps:17.0.0] AndroidManifest.xml:35:13-37
80
81        <activity
81-->[com.google.android.gms:play-services-base:17.2.1] AndroidManifest.xml:23:9-26:75
82            android:name="com.google.android.gms.common.api.GoogleApiActivity"
82-->[com.google.android.gms:play-services-base:17.2.1] AndroidManifest.xml:24:13-79
83            android:exported="false"
83-->[com.google.android.gms:play-services-base:17.2.1] AndroidManifest.xml:25:13-37
84            android:theme="@android:style/Theme.Translucent.NoTitleBar" />
84-->[com.google.android.gms:play-services-base:17.2.1] AndroidManifest.xml:26:13-72
85
86        <provider
86-->[androidx.work:work-runtime:2.5.0] AndroidManifest.xml:31:9-37:35
87            android:name="androidx.work.impl.WorkManagerInitializer"
87-->[androidx.work:work-runtime:2.5.0] AndroidManifest.xml:32:13-69
88            android:authorities="com.rapid_laundary_service.workmanager-init"
88-->[androidx.work:work-runtime:2.5.0] AndroidManifest.xml:33:13-68
89            android:directBootAware="false"
89-->[androidx.work:work-runtime:2.5.0] AndroidManifest.xml:34:13-44
90            android:exported="false"
90-->[androidx.work:work-runtime:2.5.0] AndroidManifest.xml:35:13-37
91            android:multiprocess="true" />
91-->[androidx.work:work-runtime:2.5.0] AndroidManifest.xml:36:13-40
92
93        <service
93-->[androidx.work:work-runtime:2.5.0] AndroidManifest.xml:39:9-44:35
94            android:name="androidx.work.impl.background.systemalarm.SystemAlarmService"
94-->[androidx.work:work-runtime:2.5.0] AndroidManifest.xml:40:13-88
95            android:directBootAware="false"
95-->[androidx.work:work-runtime:2.5.0] AndroidManifest.xml:41:13-44
96            android:enabled="@bool/enable_system_alarm_service_default"
96-->[androidx.work:work-runtime:2.5.0] AndroidManifest.xml:42:13-72
97            android:exported="false" />
97-->[androidx.work:work-runtime:2.5.0] AndroidManifest.xml:43:13-37
98        <service
98-->[androidx.work:work-runtime:2.5.0] AndroidManifest.xml:45:9-51:35
99            android:name="androidx.work.impl.background.systemjob.SystemJobService"
99-->[androidx.work:work-runtime:2.5.0] AndroidManifest.xml:46:13-84
100            android:directBootAware="false"
100-->[androidx.work:work-runtime:2.5.0] AndroidManifest.xml:47:13-44
101            android:enabled="@bool/enable_system_job_service_default"
101-->[androidx.work:work-runtime:2.5.0] AndroidManifest.xml:48:13-70
102            android:exported="true"
102-->[androidx.work:work-runtime:2.5.0] AndroidManifest.xml:49:13-36
103            android:permission="android.permission.BIND_JOB_SERVICE" />
103-->[androidx.work:work-runtime:2.5.0] AndroidManifest.xml:50:13-69
104        <service
104-->[androidx.work:work-runtime:2.5.0] AndroidManifest.xml:52:9-57:35
105            android:name="androidx.work.impl.foreground.SystemForegroundService"
105-->[androidx.work:work-runtime:2.5.0] AndroidManifest.xml:53:13-81
106            android:directBootAware="false"
106-->[androidx.work:work-runtime:2.5.0] AndroidManifest.xml:54:13-44
107            android:enabled="@bool/enable_system_foreground_service_default"
107-->[androidx.work:work-runtime:2.5.0] AndroidManifest.xml:55:13-77
108            android:exported="false" />
108-->[androidx.work:work-runtime:2.5.0] AndroidManifest.xml:56:13-37
109
110        <receiver
110-->[androidx.work:work-runtime:2.5.0] AndroidManifest.xml:59:9-64:35
111            android:name="androidx.work.impl.utils.ForceStopRunnable$BroadcastReceiver"
111-->[androidx.work:work-runtime:2.5.0] AndroidManifest.xml:60:13-88
112            android:directBootAware="false"
112-->[androidx.work:work-runtime:2.5.0] AndroidManifest.xml:61:13-44
113            android:enabled="true"
113-->[androidx.work:work-runtime:2.5.0] AndroidManifest.xml:62:13-35
114            android:exported="false" />
114-->[androidx.work:work-runtime:2.5.0] AndroidManifest.xml:63:13-37
115        <receiver
115-->[androidx.work:work-runtime:2.5.0] AndroidManifest.xml:65:9-75:20
116            android:name="androidx.work.impl.background.systemalarm.ConstraintProxy$BatteryChargingProxy"
116-->[androidx.work:work-runtime:2.5.0] AndroidManifest.xml:66:13-106
117            android:directBootAware="false"
117-->[androidx.work:work-runtime:2.5.0] AndroidManifest.xml:67:13-44
118            android:enabled="false"
118-->[androidx.work:work-runtime:2.5.0] AndroidManifest.xml:68:13-36
119            android:exported="false" >
119-->[androidx.work:work-runtime:2.5.0] AndroidManifest.xml:69:13-37
120            <intent-filter>
120-->[androidx.work:work-runtime:2.5.0] AndroidManifest.xml:71:13-74:29
121                <action android:name="android.intent.action.ACTION_POWER_CONNECTED" />
121-->[androidx.work:work-runtime:2.5.0] AndroidManifest.xml:72:17-87
121-->[androidx.work:work-runtime:2.5.0] AndroidManifest.xml:72:25-84
122                <action android:name="android.intent.action.ACTION_POWER_DISCONNECTED" />
122-->[androidx.work:work-runtime:2.5.0] AndroidManifest.xml:73:17-90
122-->[androidx.work:work-runtime:2.5.0] AndroidManifest.xml:73:25-87
123            </intent-filter>
124        </receiver>
125        <receiver
125-->[androidx.work:work-runtime:2.5.0] AndroidManifest.xml:76:9-86:20
126            android:name="androidx.work.impl.background.systemalarm.ConstraintProxy$BatteryNotLowProxy"
126-->[androidx.work:work-runtime:2.5.0] AndroidManifest.xml:77:13-104
127            android:directBootAware="false"
127-->[androidx.work:work-runtime:2.5.0] AndroidManifest.xml:78:13-44
128            android:enabled="false"
128-->[androidx.work:work-runtime:2.5.0] AndroidManifest.xml:79:13-36
129            android:exported="false" >
129-->[androidx.work:work-runtime:2.5.0] AndroidManifest.xml:80:13-37
130            <intent-filter>
130-->[androidx.work:work-runtime:2.5.0] AndroidManifest.xml:82:13-85:29
131                <action android:name="android.intent.action.BATTERY_OKAY" />
131-->[androidx.work:work-runtime:2.5.0] AndroidManifest.xml:83:17-77
131-->[androidx.work:work-runtime:2.5.0] AndroidManifest.xml:83:25-74
132                <action android:name="android.intent.action.BATTERY_LOW" />
132-->[androidx.work:work-runtime:2.5.0] AndroidManifest.xml:84:17-76
132-->[androidx.work:work-runtime:2.5.0] AndroidManifest.xml:84:25-73
133            </intent-filter>
134        </receiver>
135        <receiver
135-->[androidx.work:work-runtime:2.5.0] AndroidManifest.xml:87:9-97:20
136            android:name="androidx.work.impl.background.systemalarm.ConstraintProxy$StorageNotLowProxy"
136-->[androidx.work:work-runtime:2.5.0] AndroidManifest.xml:88:13-104
137            android:directBootAware="false"
137-->[androidx.work:work-runtime:2.5.0] AndroidManifest.xml:89:13-44
138            android:enabled="false"
138-->[androidx.work:work-runtime:2.5.0] AndroidManifest.xml:90:13-36
139            android:exported="false" >
139-->[androidx.work:work-runtime:2.5.0] AndroidManifest.xml:91:13-37
140            <intent-filter>
140-->[androidx.work:work-runtime:2.5.0] AndroidManifest.xml:93:13-96:29
141                <action android:name="android.intent.action.DEVICE_STORAGE_LOW" />
141-->[androidx.work:work-runtime:2.5.0] AndroidManifest.xml:94:17-83
141-->[androidx.work:work-runtime:2.5.0] AndroidManifest.xml:94:25-80
142                <action android:name="android.intent.action.DEVICE_STORAGE_OK" />
142-->[androidx.work:work-runtime:2.5.0] AndroidManifest.xml:95:17-82
142-->[androidx.work:work-runtime:2.5.0] AndroidManifest.xml:95:25-79
143            </intent-filter>
144        </receiver>
145        <receiver
145-->[androidx.work:work-runtime:2.5.0] AndroidManifest.xml:98:9-107:20
146            android:name="androidx.work.impl.background.systemalarm.ConstraintProxy$NetworkStateProxy"
146-->[androidx.work:work-runtime:2.5.0] AndroidManifest.xml:99:13-103
147            android:directBootAware="false"
147-->[androidx.work:work-runtime:2.5.0] AndroidManifest.xml:100:13-44
148            android:enabled="false"
148-->[androidx.work:work-runtime:2.5.0] AndroidManifest.xml:101:13-36
149            android:exported="false" >
149-->[androidx.work:work-runtime:2.5.0] AndroidManifest.xml:102:13-37
150            <intent-filter>
150-->[androidx.work:work-runtime:2.5.0] AndroidManifest.xml:104:13-106:29
151                <action android:name="android.net.conn.CONNECTIVITY_CHANGE" />
151-->[androidx.work:work-runtime:2.5.0] AndroidManifest.xml:105:17-79
151-->[androidx.work:work-runtime:2.5.0] AndroidManifest.xml:105:25-76
152            </intent-filter>
153        </receiver>
154        <receiver
154-->[androidx.work:work-runtime:2.5.0] AndroidManifest.xml:108:9-119:20
155            android:name="androidx.work.impl.background.systemalarm.RescheduleReceiver"
155-->[androidx.work:work-runtime:2.5.0] AndroidManifest.xml:109:13-88
156            android:directBootAware="false"
156-->[androidx.work:work-runtime:2.5.0] AndroidManifest.xml:110:13-44
157            android:enabled="false"
157-->[androidx.work:work-runtime:2.5.0] AndroidManifest.xml:111:13-36
158            android:exported="false" >
158-->[androidx.work:work-runtime:2.5.0] AndroidManifest.xml:112:13-37
159            <intent-filter>
159-->[androidx.work:work-runtime:2.5.0] AndroidManifest.xml:114:13-118:29
160                <action android:name="android.intent.action.BOOT_COMPLETED" />
160-->[androidx.work:work-runtime:2.5.0] AndroidManifest.xml:115:17-79
160-->[androidx.work:work-runtime:2.5.0] AndroidManifest.xml:115:25-76
161                <action android:name="android.intent.action.TIME_SET" />
161-->[androidx.work:work-runtime:2.5.0] AndroidManifest.xml:116:17-73
161-->[androidx.work:work-runtime:2.5.0] AndroidManifest.xml:116:25-70
162                <action android:name="android.intent.action.TIMEZONE_CHANGED" />
162-->[androidx.work:work-runtime:2.5.0] AndroidManifest.xml:117:17-81
162-->[androidx.work:work-runtime:2.5.0] AndroidManifest.xml:117:25-78
163            </intent-filter>
164        </receiver>
165        <receiver
165-->[androidx.work:work-runtime:2.5.0] AndroidManifest.xml:120:9-129:20
166            android:name="androidx.work.impl.background.systemalarm.ConstraintProxyUpdateReceiver"
166-->[androidx.work:work-runtime:2.5.0] AndroidManifest.xml:121:13-99
167            android:directBootAware="false"
167-->[androidx.work:work-runtime:2.5.0] AndroidManifest.xml:122:13-44
168            android:enabled="@bool/enable_system_alarm_service_default"
168-->[androidx.work:work-runtime:2.5.0] AndroidManifest.xml:123:13-72
169            android:exported="false" >
169-->[androidx.work:work-runtime:2.5.0] AndroidManifest.xml:124:13-37
170            <intent-filter>
170-->[androidx.work:work-runtime:2.5.0] AndroidManifest.xml:126:13-128:29
171                <action android:name="androidx.work.impl.background.systemalarm.UpdateProxies" />
171-->[androidx.work:work-runtime:2.5.0] AndroidManifest.xml:127:17-98
171-->[androidx.work:work-runtime:2.5.0] AndroidManifest.xml:127:25-95
172            </intent-filter>
173        </receiver>
174        <receiver
174-->[androidx.work:work-runtime:2.5.0] AndroidManifest.xml:130:9-140:20
175            android:name="androidx.work.impl.diagnostics.DiagnosticsReceiver"
175-->[androidx.work:work-runtime:2.5.0] AndroidManifest.xml:131:13-78
176            android:directBootAware="false"
176-->[androidx.work:work-runtime:2.5.0] AndroidManifest.xml:132:13-44
177            android:enabled="true"
177-->[androidx.work:work-runtime:2.5.0] AndroidManifest.xml:133:13-35
178            android:exported="true"
178-->[androidx.work:work-runtime:2.5.0] AndroidManifest.xml:134:13-36
179            android:permission="android.permission.DUMP" >
179-->[androidx.work:work-runtime:2.5.0] AndroidManifest.xml:135:13-57
180            <intent-filter>
180-->[androidx.work:work-runtime:2.5.0] AndroidManifest.xml:137:13-139:29
181                <action android:name="androidx.work.diagnostics.REQUEST_DIAGNOSTICS" />
181-->[androidx.work:work-runtime:2.5.0] AndroidManifest.xml:138:17-88
181-->[androidx.work:work-runtime:2.5.0] AndroidManifest.xml:138:25-85
182            </intent-filter>
183        </receiver>
184
185        <meta-data
185-->[com.google.android.gms:play-services-basement:17.2.1] AndroidManifest.xml:23:9-25:69
186            android:name="com.google.android.gms.version"
186-->[com.google.android.gms:play-services-basement:17.2.1] AndroidManifest.xml:24:13-58
187            android:value="@integer/google_play_services_version" />
187-->[com.google.android.gms:play-services-basement:17.2.1] AndroidManifest.xml:25:13-66
188
189        <service
189-->[androidx.room:room-runtime:2.2.5] AndroidManifest.xml:25:9-28:40
190            android:name="androidx.room.MultiInstanceInvalidationService"
190-->[androidx.room:room-runtime:2.2.5] AndroidManifest.xml:26:13-74
191            android:directBootAware="true"
191-->[androidx.room:room-runtime:2.2.5] AndroidManifest.xml:27:13-43
192            android:exported="false" />
192-->[androidx.room:room-runtime:2.2.5] AndroidManifest.xml:28:13-37
193    </application>
194
195</manifest>